<?xml version="1.0" encoding="UTF-8"?>
<!-- Generated by org.testng.reporters.JUnitXMLReporter -->
<testsuite hostname="WINDOWS-BED5AOG" name="RegressionTest" tests="3" failures="0" timestamp="13 Apr 2017 16:05:29 GMT" time="45.932" errors="0">
  <testcase name="TestCase02" time="6.601" classname="TestCases.VerifyHomePage2copy"/>
  <testcase name="TestCase02" time="5.177" classname="TestCases.VerifyHomePage"/>
  <testcase name="TestCase2" time="14.852" classname="TestCases.VerifyHomePage"/>
</testsuite> <!-- RegressionTest -->
