<?xml version="1.0" encoding="UTF-8"?>
<testng-results skipped="0" failed="0" total="1" passed="1">
  <reporter-output>
  </reporter-output>
  <suite name="Default suite" duration-ms="10998" started-at="2017-04-13T16:21:03Z" finished-at="2017-04-13T16:21:14Z">
    <groups>
    </groups>
    <test name="Default test" duration-ms="10998" started-at="2017-04-13T16:21:03Z" finished-at="2017-04-13T16:21:14Z">
      <class name="TestCases.VerifyHomePage2copy">
        <test-method status="PASS" signature="SetUpEverything()[pri:0, instance:TestCases.VerifyHomePage2copy@59fa1d9b]" name="SetUpEverything" is-config="true" duration-ms="2903" started-at="2017-04-13T12:21:03Z" finished-at="2017-04-13T12:21:06Z">
          <reporter-output>
          </reporter-output>
        </test-method> <!-- SetUpEverything -->
        <test-method status="PASS" signature="TestCase02()[pri:0, instance:TestCases.VerifyHomePage2copy@59fa1d9b]" name="TestCase02" duration-ms="5090" started-at="2017-04-13T12:21:06Z" finished-at="2017-04-13T12:21:11Z">
          <reporter-output>
          </reporter-output>
        </test-method> <!-- TestCase02 -->
        <test-method status="PASS" signature="TearDown()[pri:0, instance:TestCases.VerifyHomePage2copy@59fa1d9b]" name="TearDown" is-config="true" duration-ms="3005" started-at="2017-04-13T12:21:11Z" finished-at="2017-04-13T12:21:14Z">
          <reporter-output>
          </reporter-output>
        </test-method> <!-- TearDown -->
      </class> <!-- TestCases.VerifyHomePage2copy -->
    </test> <!-- Default test -->
  </suite> <!-- Default suite -->
</testng-results>
